D:\Training\SqlDay6\ExampleMVC\DemoYoutube\dist\out-tsc\app\explore\explore.component.js
D:\Training\SqlDay6\ExampleMVC\DemoYoutube\dist\out-tsc\app\explore\explore.component.js.map
D:\Training\SqlDay6\ExampleMVC\DemoYoutube\dist\out-tsc\app\header\header.component.js
D:\Training\SqlDay6\ExampleMVC\DemoYoutube\dist\out-tsc\app\header\header.component.js.map
D:\Training\SqlDay6\ExampleMVC\DemoYoutube\dist\out-tsc\app\home\home.component.js
D:\Training\SqlDay6\ExampleMVC\DemoYoutube\dist\out-tsc\app\home\home.component.js.map
D:\Training\SqlDay6\ExampleMVC\DemoYoutube\dist\out-tsc\app\app-routing.module.js
D:\Training\SqlDay6\ExampleMVC\DemoYoutube\dist\out-tsc\app\app-routing.module.js.map
D:\Training\SqlDay6\ExampleMVC\DemoYoutube\dist\out-tsc\app\app.component.js
D:\Training\SqlDay6\ExampleMVC\DemoYoutube\dist\out-tsc\app\app.component.js.map
D:\Training\SqlDay6\ExampleMVC\DemoYoutube\dist\out-tsc\app\app.module.js
D:\Training\SqlDay6\ExampleMVC\DemoYoutube\dist\out-tsc\app\app.module.js.map
D:\Training\SqlDay6\ExampleMVC\DemoYoutube\dist\out-tsc\environments\environment.js
D:\Training\SqlDay6\ExampleMVC\DemoYoutube\dist\out-tsc\environments\environment.js.map
D:\Training\SqlDay6\ExampleMVC\DemoYoutube\dist\out-tsc\main.js
D:\Training\SqlDay6\ExampleMVC\DemoYoutube\dist\out-tsc\main.js.map
D:\Training\SqlDay6\ExampleMVC\DemoYoutube\dist\out-tsc\polyfills.js
D:\Training\SqlDay6\ExampleMVC\DemoYoutube\dist\out-tsc\polyfills.js.map
D:\Training\SqlDay6\ExampleMVC\DemoYoutube\dist\out-tsc\test.js
D:\Training\SqlDay6\ExampleMVC\DemoYoutube\dist\out-tsc\test.js.map
D:\Training\SqlDay6\ExampleMVC\DemoYoutube\dist\out-tsc\app\app.component.spec.js
D:\Training\SqlDay6\ExampleMVC\DemoYoutube\dist\out-tsc\app\app.component.spec.js.map
D:\Training\SqlDay6\ExampleMVC\DemoYoutube\dist\out-tsc\app\explore\explore.component.spec.js
D:\Training\SqlDay6\ExampleMVC\DemoYoutube\dist\out-tsc\app\explore\explore.component.spec.js.map
D:\Training\SqlDay6\ExampleMVC\DemoYoutube\dist\out-tsc\app\header\header.component.spec.js
D:\Training\SqlDay6\ExampleMVC\DemoYoutube\dist\out-tsc\app\header\header.component.spec.js.map
D:\Training\SqlDay6\ExampleMVC\DemoYoutube\dist\out-tsc\app\home\home.component.spec.js
D:\Training\SqlDay6\ExampleMVC\DemoYoutube\dist\out-tsc\app\home\home.component.spec.js.map
D:\Training\SqlDay6\ExampleMVC\DemoYoutube\dist\out-tsc\environments\environment.prod.js
D:\Training\SqlDay6\ExampleMVC\DemoYoutube\dist\out-tsc\environments\environment.prod.js.map
